[2025-04-19 22:57:20] ERROR: Unhandled exception: arguments did not match any overloaded call:
  setParent(self, QWidget): argument 1 has unexpected type 'TaskTitanApp'
  setParent(self, QWidget, Qt.WindowType): argument 1 has unexpected type 'TaskTitanApp'
Traceback (most recent call last):
  File "d:\Phases\Phase 1\Tool maker\TaskTitan\TaskTitan.py", line 58, in main
    app_main()
  File "d:\Phases\Phase 1\Tool maker\TaskTitan\app\main.py", line 254, in main
    app = TaskTitanApp()
          ^^^^^^^^^^^^^^
  File "d:\Phases\Phase 1\Tool maker\TaskTitan\app\main.py", line 194, in __init__
    self.splash.setParent(self)
TypeError: arguments did not match any overloaded call:
  setParent(self, QWidget): argument 1 has unexpected type 'TaskTitanApp'
  setParent(self, QWidget, Qt.WindowType): argument 1 has unexpected type 'TaskTitanApp'

================================================================================
[2025-04-19 22:57:46] ERROR: Unhandled exception: arguments did not match any overloaded call:
  setParent(self, QWidget): argument 1 has unexpected type 'TaskTitanApp'
  setParent(self, QWidget, Qt.WindowType): argument 1 has unexpected type 'TaskTitanApp'
Traceback (most recent call last):
  File "d:\Phases\Phase 1\Tool maker\TaskTitan\TaskTitan.py", line 58, in main
    app_main()
  File "d:\Phases\Phase 1\Tool maker\TaskTitan\app\main.py", line 254, in main
    app = TaskTitanApp()
          ^^^^^^^^^^^^^^
  File "d:\Phases\Phase 1\Tool maker\TaskTitan\app\main.py", line 194, in __init__
    self.splash.setParent(self)
TypeError: arguments did not match any overloaded call:
  setParent(self, QWidget): argument 1 has unexpected type 'TaskTitanApp'
  setParent(self, QWidget, Qt.WindowType): argument 1 has unexpected type 'TaskTitanApp'

================================================================================
[2025-04-19 23:09:45] ERROR: Unhandled exception: No module named 'app.views'
Traceback (most recent call last):
  File "d:\Phases\Phase 1\Tool maker\TaskTitan\TaskTitan.py", line 54, in main
    import app.main
  File "d:\Phases\Phase 1\Tool maker\TaskTitan\app\main.py", line 15, in <module>
    from app.views.main_window import TaskTitanApp as MainWindow
ModuleNotFoundError: No module named 'app.views'

================================================================================
